Command line invocation:
    /Applications/Xcode.app/Contents/Developer/usr/bin/xcodebuild -project LitReader.xcodeproj -scheme LitReader -destination "platform=iOS Simulator,name=iPhone 16" CODE_SIGN_IDENTITY= CODE_SIGNING_REQUIRED=NO build

Build settings from command line:
    CODE_SIGN_IDENTITY = 
    CODE_SIGNING_REQUIRED = NO

--- xcodebuild: WARNING: Using the first of multiple matching destinations:
{ platform:iOS Simulator, arch:arm64, id:C57F0674-ABE0-41F2-ADA2-763DCA182139, OS:18.6, name:iPhone 16 }
{ platform:iOS Simulator, arch:x86_64, id:C57F0674-ABE0-41F2-ADA2-763DCA182139, OS:18.6, name:iPhone 16 }
note: Using codesigning identity override: 
ComputePackagePrebuildTargetDependencyGraph

Prepare packages

CreateBuildRequest

SendProjectDescription

CreateBuildOperation

ComputeTargetDependencyGraph
note: Building targets in dependency order
note: Target dependency graph (1 target)
    Target 'LitReader' in project 'LitReader' (no dependencies)

GatherProvisioningInputs

CreateBuildDescription

ExecuteExternalTool /Applications/Xcode.app/Contents/Developer/Toolchains/XcodeDefault.xctoolchain/usr/bin/clang -v -E -dM -isysroot /Applications/Xcode.app/Contents/Developer/Platforms/iPhoneSimulator.platform/Developer/SDKs/iPhoneSimulator18.5.sdk -x c -c /dev/null

ExecuteExternalTool /Applications/Xcode.app/Contents/Developer/usr/bin/actool --print-asset-tag-combinations --output-format xml1 /Users/zhanhd/Documents/products/github/LitReader/LitReader/Assets.xcassets

ExecuteExternalTool /Applications/Xcode.app/Contents/Developer/usr/bin/actool --version --output-format xml1

ExecuteExternalTool /Applications/Xcode.app/Contents/Developer/Toolchains/XcodeDefault.xctoolchain/usr/bin/swiftc --version

ExecuteExternalTool /Applications/Xcode.app/Contents/Developer/Toolchains/XcodeDefault.xctoolchain/usr/bin/ld -version_details

Build description signature: 2c4fb85b6ef6e33c8626f5a9bf7e9e55
Build description path: /Users/zhanhd/Library/Developer/Xcode/DerivedData/LitReader-dxwdiqehxcvwlqdnoonjufjbaxme/Build/Intermediates.noindex/XCBuildData/2c4fb85b6ef6e33c8626f5a9bf7e9e55.xcbuilddata
ClangStatCache /Applications/Xcode.app/Contents/Developer/Toolchains/XcodeDefault.xctoolchain/usr/bin/clang-stat-cache /Applications/Xcode.app/Contents/Developer/Platforms/iPhoneSimulator.platform/Developer/SDKs/iPhoneSimulator18.5.sdk /Users/zhanhd/Library/Developer/Xcode/DerivedData/SDKStatCaches.noindex/iphonesimulator18.5-22F76-d5fc8ad4295d2ef488fb7d0f804ce0c4.sdkstatcache
    cd /Users/zhanhd/Documents/products/github/LitReader/LitReader.xcodeproj
    /Applications/Xcode.app/Contents/Developer/Toolchains/XcodeDefault.xctoolchain/usr/bin/clang-stat-cache /Applications/Xcode.app/Contents/Developer/Platforms/iPhoneSimulator.platform/Developer/SDKs/iPhoneSimulator18.5.sdk -o /Users/zhanhd/Library/Developer/Xcode/DerivedData/SDKStatCaches.noindex/iphonesimulator18.5-22F76-d5fc8ad4295d2ef488fb7d0f804ce0c4.sdkstatcache

WriteAuxiliaryFile /Users/zhanhd/Library/Developer/Xcode/DerivedData/LitReader-dxwdiqehxcvwlqdnoonjufjbaxme/Build/Intermediates.noindex/LitReader.build/Debug-iphonesimulator/LitReader.build/Objects-normal/arm64/LitReader.SwiftConstValuesFileList (in target 'LitReader' from project 'LitReader')
    cd /Users/zhanhd/Documents/products/github/LitReader
    write-file /Users/zhanhd/Library/Developer/Xcode/DerivedData/LitReader-dxwdiqehxcvwlqdnoonjufjbaxme/Build/Intermediates.noindex/LitReader.build/Debug-iphonesimulator/LitReader.build/Objects-normal/arm64/LitReader.SwiftConstValuesFileList

WriteAuxiliaryFile /Users/zhanhd/Library/Developer/Xcode/DerivedData/LitReader-dxwdiqehxcvwlqdnoonjufjbaxme/Build/Intermediates.noindex/LitReader.build/Debug-iphonesimulator/LitReader.build/Objects-normal/arm64/LitReader.SwiftFileList (in target 'LitReader' from project 'LitReader')
    cd /Users/zhanhd/Documents/products/github/LitReader
    write-file /Users/zhanhd/Library/Developer/Xcode/DerivedData/LitReader-dxwdiqehxcvwlqdnoonjufjbaxme/Build/Intermediates.noindex/LitReader.build/Debug-iphonesimulator/LitReader.build/Objects-normal/arm64/LitReader.SwiftFileList

ProcessProductPackaging "" /Users/zhanhd/Library/Developer/Xcode/DerivedData/LitReader-dxwdiqehxcvwlqdnoonjufjbaxme/Build/Intermediates.noindex/LitReader.build/Debug-iphonesimulator/LitReader.build/LitReader.app-Simulated.xcent (in target 'LitReader' from project 'LitReader')
    cd /Users/zhanhd/Documents/products/github/LitReader
    
    Entitlements:
    
    {
    "application-identifier" = "FAKETEAMID.LitReader.LitReader";
}
    
    builtin-productPackagingUtility -entitlements -format xml -o /Users/zhanhd/Library/Developer/Xcode/DerivedData/LitReader-dxwdiqehxcvwlqdnoonjufjbaxme/Build/Intermediates.noindex/LitReader.build/Debug-iphonesimulator/LitReader.build/LitReader.app-Simulated.xcent

WriteAuxiliaryFile /Users/zhanhd/Library/Developer/Xcode/DerivedData/LitReader-dxwdiqehxcvwlqdnoonjufjbaxme/Build/Intermediates.noindex/LitReader.build/Debug-iphonesimulator/LitReader.build/Objects-normal/arm64/LitReader.LinkFileList (in target 'LitReader' from project 'LitReader')
    cd /Users/zhanhd/Documents/products/github/LitReader
    write-file /Users/zhanhd/Library/Developer/Xcode/DerivedData/LitReader-dxwdiqehxcvwlqdnoonjufjbaxme/Build/Intermediates.noindex/LitReader.build/Debug-iphonesimulator/LitReader.build/Objects-normal/arm64/LitReader.LinkFileList

ProcessProductPackagingDER /Users/zhanhd/Library/Developer/Xcode/DerivedData/LitReader-dxwdiqehxcvwlqdnoonjufjbaxme/Build/Intermediates.noindex/LitReader.build/Debug-iphonesimulator/LitReader.build/LitReader.app-Simulated.xcent /Users/zhanhd/Library/Developer/Xcode/DerivedData/LitReader-dxwdiqehxcvwlqdnoonjufjbaxme/Build/Intermediates.noindex/LitReader.build/Debug-iphonesimulator/LitReader.build/LitReader.app-Simulated.xcent.der (in target 'LitReader' from project 'LitReader')
    cd /Users/zhanhd/Documents/products/github/LitReader
    /usr/bin/derq query -f xml -i /Users/zhanhd/Library/Developer/Xcode/DerivedData/LitReader-dxwdiqehxcvwlqdnoonjufjbaxme/Build/Intermediates.noindex/LitReader.build/Debug-iphonesimulator/LitReader.build/LitReader.app-Simulated.xcent -o /Users/zhanhd/Library/Developer/Xcode/DerivedData/LitReader-dxwdiqehxcvwlqdnoonjufjbaxme/Build/Intermediates.noindex/LitReader.build/Debug-iphonesimulator/LitReader.build/LitReader.app-Simulated.xcent.der --raw

ProcessInfoPlistFile /Users/zhanhd/Library/Developer/Xcode/DerivedData/LitReader-dxwdiqehxcvwlqdnoonjufjbaxme/Build/Products/Debug-iphonesimulator/LitReader.app/Info.plist /Users/zhanhd/Library/Developer/Xcode/DerivedData/LitReader-dxwdiqehxcvwlqdnoonjufjbaxme/Build/Intermediates.noindex/LitReader.build/Debug-iphonesimulator/LitReader.build/empty-LitReader.plist (in target 'LitReader' from project 'LitReader')
    cd /Users/zhanhd/Documents/products/github/LitReader
    builtin-infoPlistUtility /Users/zhanhd/Library/Developer/Xcode/DerivedData/LitReader-dxwdiqehxcvwlqdnoonjufjbaxme/Build/Intermediates.noindex/LitReader.build/Debug-iphonesimulator/LitReader.build/empty-LitReader.plist -producttype com.apple.product-type.application -genpkginfo /Users/zhanhd/Library/Developer/Xcode/DerivedData/LitReader-dxwdiqehxcvwlqdnoonjufjbaxme/Build/Products/Debug-iphonesimulator/LitReader.app/PkgInfo -expandbuildsettings -format binary -platform iphonesimulator -additionalcontentfile /Users/zhanhd/Library/Developer/Xcode/DerivedData/LitReader-dxwdiqehxcvwlqdnoonjufjbaxme/Build/Intermediates.noindex/LitReader.build/Debug-iphonesimulator/LitReader.build/assetcatalog_generated_info.plist -o /Users/zhanhd/Library/Developer/Xcode/DerivedData/LitReader-dxwdiqehxcvwlqdnoonjufjbaxme/Build/Products/Debug-iphonesimulator/LitReader.app/Info.plist

SwiftDriver LitReader normal arm64 com.apple.xcode.tools.swift.compiler (in target 'LitReader' from project 'LitReader')
    cd /Users/zhanhd/Documents/products/github/LitReader
    builtin-SwiftDriver -- /Applications/Xcode.app/Contents/Developer/Toolchains/XcodeDefault.xctoolchain/usr/bin/swiftc -module-name LitReader -Onone -enforce-exclusivity\=checked @/Users/zhanhd/Library/Developer/Xcode/DerivedData/LitReader-dxwdiqehxcvwlqdnoonjufjbaxme/Build/Intermediates.noindex/LitReader.build/Debug-iphonesimulator/LitReader.build/Objects-normal/arm64/LitReader.SwiftFileList -DDEBUG -enable-bare-slash-regex -enable-experimental-feature DebugDescriptionMacro -sdk /Applications/Xcode.app/Contents/Developer/Platforms/iPhoneSimulator.platform/Developer/SDKs/iPhoneSimulator18.5.sdk -target arm64-apple-ios17.6-simulator -g -module-cache-path /Users/zhanhd/Library/Developer/Xcode/DerivedData/ModuleCache.noindex -Xfrontend -serialize-debugging-options -profile-coverage-mapping -profile-generate -enable-testing -index-store-path /Users/zhanhd/Library/Developer/Xcode/DerivedData/LitReader-dxwdiqehxcvwlqdnoonjufjbaxme/Index.noindex/DataStore -swift-version 5 -I /Users/zhanhd/Library/Developer/Xcode/DerivedData/LitReader-dxwdiqehxcvwlqdnoonjufjbaxme/Build/Products/Debug-iphonesimulator -F /Users/zhanhd/Library/Developer/Xcode/DerivedData/LitReader-dxwdiqehxcvwlqdnoonjufjbaxme/Build/Products/Debug-iphonesimulator -emit-localized-strings -emit-localized-strings-path /Users/zhanhd/Library/Developer/Xcode/DerivedData/LitReader-dxwdiqehxcvwlqdnoonjufjbaxme/Build/Intermediates.noindex/LitReader.build/Debug-iphonesimulator/LitReader.build/Objects-normal/arm64 -c -j8 -enable-batch-mode -incremental -Xcc -ivfsstatcache -Xcc /Users/zhanhd/Library/Developer/Xcode/DerivedData/SDKStatCaches.noindex/iphonesimulator18.5-22F76-d5fc8ad4295d2ef488fb7d0f804ce0c4.sdkstatcache -output-file-map /Users/zhanhd/Library/Developer/Xcode/DerivedData/LitReader-dxwdiqehxcvwlqdnoonjufjbaxme/Build/Intermediates.noindex/LitReader.build/Debug-iphonesimulator/LitReader.build/Objects-normal/arm64/LitReader-OutputFileMap.json -use-frontend-parseable-output -save-temps -no-color-diagnostics -serialize-diagnostics -emit-dependencies -emit-module -emit-module-path /Users/zhanhd/Library/Developer/Xcode/DerivedData/LitReader-dxwdiqehxcvwlqdnoonjufjbaxme/Build/Intermediates.noindex/LitReader.build/Debug-iphonesimulator/LitReader.build/Objects-normal/arm64/LitReader.swiftmodule -validate-clang-modules-once -clang-build-session-file /Users/zhanhd/Library/Developer/Xcode/DerivedData/ModuleCache.noindex/Session.modulevalidation -Xcc -I/Users/zhanhd/Library/Developer/Xcode/DerivedData/LitReader-dxwdiqehxcvwlqdnoonjufjbaxme/Build/Intermediates.noindex/LitReader.build/Debug-iphonesimulator/LitReader.build/swift-overrides.hmap -emit-const-values -Xfrontend -const-gather-protocols-file -Xfrontend /Users/zhanhd/Library/Developer/Xcode/DerivedData/LitReader-dxwdiqehxcvwlqdnoonjufjbaxme/Build/Intermediates.noindex/LitReader.build/Debug-iphonesimulator/LitReader.build/Objects-normal/arm64/LitReader_const_extract_protocols.json -Xcc -iquote -Xcc /Users/zhanhd/Library/Developer/Xcode/DerivedData/LitReader-dxwdiqehxcvwlqdnoonjufjbaxme/Build/Intermediates.noindex/LitReader.build/Debug-iphonesimulator/LitReader.build/LitReader-generated-files.hmap -Xcc -I/Users/zhanhd/Library/Developer/Xcode/DerivedData/LitReader-dxwdiqehxcvwlqdnoonjufjbaxme/Build/Intermediates.noindex/LitReader.build/Debug-iphonesimulator/LitReader.build/LitReader-own-target-headers.hmap -Xcc -I/Users/zhanhd/Library/Developer/Xcode/DerivedData/LitReader-dxwdiqehxcvwlqdnoonjufjbaxme/Build/Intermediates.noindex/LitReader.build/Debug-iphonesimulator/LitReader.build/LitReader-all-target-headers.hmap -Xcc -iquote -Xcc /Users/zhanhd/Library/Developer/Xcode/DerivedData/LitReader-dxwdiqehxcvwlqdnoonjufjbaxme/Build/Intermediates.noindex/LitReader.build/Debug-iphonesimulator/LitReader.build/LitReader-project-headers.hmap -Xcc -I/Users/zhanhd/Library/Developer/Xcode/DerivedData/LitReader-dxwdiqehxcvwlqdnoonjufjbaxme/Build/Products/Debug-iphonesimulator/include -Xcc -I/Users/zhanhd/Library/Developer/Xcode/DerivedData/LitReader-dxwdiqehxcvwlqdnoonjufjbaxme/Build/Intermediates.noindex/LitReader.build/Debug-iphonesimulator/LitReader.build/DerivedSources-normal/arm64 -Xcc -I/Users/zhanhd/Library/Developer/Xcode/DerivedData/LitReader-dxwdiqehxcvwlqdnoonjufjbaxme/Build/Intermediates.noindex/LitReader.build/Debug-iphonesimulator/LitReader.build/DerivedSources/arm64 -Xcc -I/Users/zhanhd/Library/Developer/Xcode/DerivedData/LitReader-dxwdiqehxcvwlqdnoonjufjbaxme/Build/Intermediates.noindex/LitReader.build/Debug-iphonesimulator/LitReader.build/DerivedSources -Xcc -DDEBUG\=1 -emit-objc-header -emit-objc-header-path /Users/zhanhd/Library/Developer/Xcode/DerivedData/LitReader-dxwdiqehxcvwlqdnoonjufjbaxme/Build/Intermediates.noindex/LitReader.build/Debug-iphonesimulator/LitReader.build/Objects-normal/arm64/LitReader-Swift.h -working-directory /Users/zhanhd/Documents/products/github/LitReader -experimental-emit-module-separately -disable-cmo

SwiftCompile normal arm64 Compiling\ SettingsView.swift,\ ContentView.swift,\ TestingSuite.swift,\ AboutView.swift /Users/zhanhd/Documents/products/github/LitReader/LitReader/Views/SettingsView.swift /Users/zhanhd/Documents/products/github/LitReader/LitReader/ContentView.swift /Users/zhanhd/Documents/products/github/LitReader/LitReader/Services/TestingSuite.swift /Users/zhanhd/Documents/products/github/LitReader/LitReader/Views/AboutView.swift (in target 'LitReader' from project 'LitReader')

SwiftCompile normal arm64 /Users/zhanhd/Documents/products/github/LitReader/LitReader/Views/SettingsView.swift (in target 'LitReader' from project 'LitReader')
    cd /Users/zhanhd/Documents/products/github/LitReader
    

SwiftCompile normal arm64 /Users/zhanhd/Documents/products/github/LitReader/LitReader/ContentView.swift (in target 'LitReader' from project 'LitReader')
    cd /Users/zhanhd/Documents/products/github/LitReader
    

SwiftCompile normal arm64 /Users/zhanhd/Documents/products/github/LitReader/LitReader/Services/TestingSuite.swift (in target 'LitReader' from project 'LitReader')
    cd /Users/zhanhd/Documents/products/github/LitReader
    

SwiftCompile normal arm64 /Users/zhanhd/Documents/products/github/LitReader/LitReader/Views/AboutView.swift (in target 'LitReader' from project 'LitReader')
    cd /Users/zhanhd/Documents/products/github/LitReader
    

SwiftCompile normal arm64 Compiling\ BookParser.swift,\ ReadingEngine.swift,\ ReaderView.swift,\ SearchView.swift /Users/zhanhd/Documents/products/github/LitReader/LitReader/Services/BookParser.swift /Users/zhanhd/Documents/products/github/LitReader/LitReader/Services/ReadingEngine.swift /Users/zhanhd/Documents/products/github/LitReader/LitReader/Views/ReaderView.swift /Users/zhanhd/Documents/products/github/LitReader/LitReader/Views/SearchView.swift (in target 'LitReader' from project 'LitReader')

SwiftCompile normal arm64 /Users/zhanhd/Documents/products/github/LitReader/LitReader/Services/BookParser.swift (in target 'LitReader' from project 'LitReader')
    cd /Users/zhanhd/Documents/products/github/LitReader
    

SwiftCompile normal arm64 /Users/zhanhd/Documents/products/github/LitReader/LitReader/Services/ReadingEngine.swift (in target 'LitReader' from project 'LitReader')
    cd /Users/zhanhd/Documents/products/github/LitReader
    

SwiftCompile normal arm64 /Users/zhanhd/Documents/products/github/LitReader/LitReader/Views/ReaderView.swift (in target 'LitReader' from project 'LitReader')
    cd /Users/zhanhd/Documents/products/github/LitReader
    

SwiftCompile normal arm64 /Users/zhanhd/Documents/products/github/LitReader/LitReader/Views/SearchView.swift (in target 'LitReader' from project 'LitReader')
    cd /Users/zhanhd/Documents/products/github/LitReader
    

SwiftCompile normal arm64 Compiling\ LibraryView.swift,\ AIService.swift,\ ImportBooksView.swift,\ ThemeManager.swift /Users/zhanhd/Documents/products/github/LitReader/LitReader/Views/LibraryView.swift /Users/zhanhd/Documents/products/github/LitReader/LitReader/Services/AIService.swift /Users/zhanhd/Documents/products/github/LitReader/LitReader/Views/ImportBooksView.swift /Users/zhanhd/Documents/products/github/LitReader/LitReader/Services/ThemeManager.swift (in target 'LitReader' from project 'LitReader')

SwiftCompile normal arm64 /Users/zhanhd/Documents/products/github/LitReader/LitReader/Views/LibraryView.swift (in target 'LitReader' from project 'LitReader')
    cd /Users/zhanhd/Documents/products/github/LitReader
    

SwiftCompile normal arm64 /Users/zhanhd/Documents/products/github/LitReader/LitReader/Services/AIService.swift (in target 'LitReader' from project 'LitReader')
    cd /Users/zhanhd/Documents/products/github/LitReader
    

SwiftCompile normal arm64 /Users/zhanhd/Documents/products/github/LitReader/LitReader/Views/ImportBooksView.swift (in target 'LitReader' from project 'LitReader')
    cd /Users/zhanhd/Documents/products/github/LitReader
    

SwiftCompile normal arm64 /Users/zhanhd/Documents/products/github/LitReader/LitReader/Services/ThemeManager.swift (in target 'LitReader' from project 'LitReader')
    cd /Users/zhanhd/Documents/products/github/LitReader
    

SwiftCompile normal arm64 Compiling\ SearchService.swift,\ LitReaderApp.swift,\ Book.swift,\ FileImporter.swift /Users/zhanhd/Documents/products/github/LitReader/LitReader/Services/SearchService.swift /Users/zhanhd/Documents/products/github/LitReader/LitReader/LitReaderApp.swift /Users/zhanhd/Documents/products/github/LitReader/LitReader/Models/Book.swift /Users/zhanhd/Documents/products/github/LitReader/LitReader/Services/FileImporter.swift (in target 'LitReader' from project 'LitReader')
Failed frontend command:
/Applications/Xcode.app/Contents/Developer/Toolchains/XcodeDefault.xctoolchain/usr/bin/swift-frontend -frontend -c /Users/zhanhd/Documents/products/github/LitReader/LitReader/Services/SecurityManager.swift /Users/zhanhd/Documents/products/github/LitReader/LitReader/Services/BookParser.swift /Users/zhanhd/Documents/products/github/LitReader/LitReader/Services/ReadingEngine.swift /Users/zhanhd/Documents/products/github/LitReader/LitReader/Services/BookmarkManager.swift /Users/zhanhd/Documents/products/github/LitReader/LitReader/Views/ReaderView.swift /Users/zhanhd/Documents/products/github/LitReader/LitReader/Views/SearchView.swift -primary-file /Users/zhanhd/Documents/products/github/LitReader/LitReader/Services/SearchService.swift -primary-file /Users/zhanhd/Documents/products/github/LitReader/LitReader/LitReaderApp.swift -primary-file /Users/zhanhd/Documents/products/github/LitReader/LitReader/Models/Book.swift -primary-file /Users/zhanhd/Documents/products/github/LitReader/LitReader/Services/FileImporter.swift /Users/zhanhd/Documents/products/github/LitReader/LitReader/Views/SettingsView.swift /Users/zhanhd/Documents/products/github/LitReader/LitReader/ContentView.swift /Users/zhanhd/Documents/products/github/LitReader/LitReader/Services/TestingSuite.swift /Users/zhanhd/Documents/products/github/LitReader/LitReader/Views/AboutView.swift /Users/zhanhd/Documents/products/github/LitReader/LitReader/Views/LibraryView.swift /Users/zhanhd/Documents/products/github/LitReader/LitReader/Services/AIService.swift /Users/zhanhd/Documents/products/github/LitReader/LitReader/Views/ImportBooksView.swift /Users/zhanhd/Documents/products/github/LitReader/LitReader/Services/ThemeManager.swift /Users/zhanhd/Documents/products/github/LitReader/LitReader/Views/BookDetailsView.swift /Users/zhanhd/Documents/products/github/LitReader/LitReader/Views/StatisticsView.swift /Users/zhanhd/Documents/products/github/LitReader/LitReader/Services/NavigationSystem.swift /Users/zhanhd/Documents/products/github/LitReader/LitReader/Views/AdvancedReaderView.swift /Users/zhanhd/Documents/products/github/LitReader/LitReader/Services/BookshelfManager.swift /Users/zhanhd/Documents/products/github/LitReader/LitReader/Services/CloudSync.swift /Users/zhanhd/Documents/products/github/LitReader/LitReader/Services/TOCGenerator.swift /Users/zhanhd/Documents/products/github/LitReader/LitReader/Views/HelpView.swift /Users/zhanhd/Documents/products/github/LitReader/LitReader/Views/ThemeSelectionView.swift /Users/zhanhd/Documents/products/github/LitReader/LitReader/Services/PerformanceOptimizer.swift /Users/zhanhd/Documents/products/github/LitReader/LitReader/Views/ProfileView.swift /Users/zhanhd/Documents/products/github/LitReader/LitReader/Services/DataManager.swift /Users/zhanhd/Documents/products/github/LitReader/LitReader/Views/BookmarksView.swift /Users/zhanhd/Library/Developer/Xcode/DerivedData/LitReader-dxwdiqehxcvwlqdnoonjufjbaxme/Build/Intermediates.noindex/LitReader.build/Debug-iphonesimulator/LitReader.build/DerivedSources/GeneratedAssetSymbols.swift -supplementary-output-file-map /Users/zhanhd/Library/Developer/Xcode/DerivedData/LitReader-dxwdiqehxcvwlqdnoonjufjbaxme/Build/Intermediates.noindex/LitReader.build/Debug-iphonesimulator/LitReader.build/Objects-normal/arm64/supplementaryOutputs-2 -emit-localized-strings -emit-localized-strings-path /Users/zhanhd/Library/Developer/Xcode/DerivedData/LitReader-dxwdiqehxcvwlqdnoonjufjbaxme/Build/Intermediates.noindex/LitReader.build/Debug-iphonesimulator/LitReader.build/Objects-normal/arm64 -target arm64-apple-ios17.6-simulator -Xllvm -aarch64-use-tbi -enable-objc-interop -sdk /Applications/Xcode.app/Contents/Developer/Platforms/iPhoneSimulator.platform/Developer/SDKs/iPhoneSimulator18.5.sdk -I /Users/zhanhd/Library/Developer/Xcode/DerivedData/LitReader-dxwdiqehxcvwlqdnoonjufjbaxme/Build/Products/Debug-iphonesimulator -F /Users/zhanhd/Library/Developer/Xcode/DerivedData/LitReader-dxwdiqehxcvwlqdnoonjufjbaxme/Build/Products/Debug-iphonesimulator -no-color-diagnostics -enable-testing -g -debug-info-format\=dwarf -dwarf-version\=4 -module-cache-path /Users/zhanhd/Library/Developer/Xcode/DerivedData/ModuleCache.noindex -profile-generate -profile-coverage-mapping -swift-version 5 -enforce-exclusivity\=checked -Onone -D DEBUG -serialize-debugging-options -const-gather-protocols-file /Users/zhanhd/Library/Developer/Xcode/DerivedData/LitReader-dxwdiqehxcvwlqdnoonjufjbaxme/Build/Intermediates.noindex/LitReader.build/Debug-iphonesimulator/LitReader.build/Objects-normal/arm64/LitReader_const_extract_protocols.json -enable-experimental-feature DebugDescriptionMacro -enable-bare-slash-regex -empty-abi-descriptor -validate-clang-modules-once -clang-build-session-file /Users/zhanhd/Library/Developer/Xcode/DerivedData/ModuleCache.noindex/Session.modulevalidation -Xcc -working-directory -Xcc /Users/zhanhd/Documents/products/github/LitReader -resource-dir /Applications/Xcode.app/Contents/Developer/Toolchains/XcodeDefault.xctoolchain/usr/lib/swift -enable-anonymous-context-mangled-names -file-compilation-dir /Users/zhanhd/Documents/products/github/LitReader -Xcc -ivfsstatcache -Xcc /Users/zhanhd/Library/Developer/Xcode/DerivedData/SDKStatCaches.noindex/iphonesimulator18.5-22F76-d5fc8ad4295d2ef488fb7d0f804ce0c4.sdkstatcache -Xcc -I/Users/zhanhd/Library/Developer/Xcode/DerivedData/LitReader-dxwdiqehxcvwlqdnoonjufjbaxme/Build/Intermediates.noindex/LitReader.build/Debug-iphonesimulator/LitReader.build/swift-overrides.hmap -Xcc -iquote -Xcc /Users/zhanhd/Library/Developer/Xcode/DerivedData/LitReader-dxwdiqehxcvwlqdnoonjufjbaxme/Build/Intermediates.noindex/LitReader.build/Debug-iphonesimulator/LitReader.build/LitReader-generated-files.hmap -Xcc -I/Users/zhanhd/Library/Developer/Xcode/DerivedData/LitReader-dxwdiqehxcvwlqdnoonjufjbaxme/Build/Intermediates.noindex/LitReader.build/Debug-iphonesimulator/LitReader.build/LitReader-own-target-headers.hmap -Xcc -I/Users/zhanhd/Library/Developer/Xcode/DerivedData/LitReader-dxwdiqehxcvwlqdnoonjufjbaxme/Build/Intermediates.noindex/LitReader.build/Debug-iphonesimulator/LitReader.build/LitReader-all-target-headers.hmap -Xcc -iquote -Xcc /Users/zhanhd/Library/Developer/Xcode/DerivedData/LitReader-dxwdiqehxcvwlqdnoonjufjbaxme/Build/Intermediates.noindex/LitReader.build/Debug-iphonesimulator/LitReader.build/LitReader-project-headers.hmap -Xcc -I/Users/zhanhd/Library/Developer/Xcode/DerivedData/LitReader-dxwdiqehxcvwlqdnoonjufjbaxme/Build/Products/Debug-iphonesimulator/include -Xcc -I/Users/zhanhd/Library/Developer/Xcode/DerivedData/LitReader-dxwdiqehxcvwlqdnoonjufjbaxme/Build/Intermediates.noindex/LitReader.build/Debug-iphonesimulator/LitReader.build/DerivedSources-normal/arm64 -Xcc -I/Users/zhanhd/Library/Developer/Xcode/DerivedData/LitReader-dxwdiqehxcvwlqdnoonjufjbaxme/Build/Intermediates.noindex/LitReader.build/Debug-iphonesimulator/LitReader.build/DerivedSources/arm64 -Xcc -I/Users/zhanhd/Library/Developer/Xcode/DerivedData/LitReader-dxwdiqehxcvwlqdnoonjufjbaxme/Build/Intermediates.noindex/LitReader.build/Debug-iphonesimulator/LitReader.build/DerivedSources -Xcc -DDEBUG\=1 -module-name LitReader -frontend-parseable-output -disable-clang-spi -target-sdk-version 18.5 -target-sdk-name iphonesimulator18.5 -external-plugin-path /Applications/Xcode.app/Contents/Developer/Platforms/iPhoneOS.platform/Developer/usr/lib/swift/host/plugins\#/Applications/Xcode.app/Contents/Developer/Platforms/iPhoneOS.platform/Developer/usr/bin/swift-plugin-server -external-plugin-path /Applications/Xcode.app/Contents/Developer/Platforms/iPhoneOS.platform/Developer/usr/local/lib/swift/host/plugins\#/Applications/Xcode.app/Contents/Developer/Platforms/iPhoneOS.platform/Developer/usr/bin/swift-plugin-server -in-process-plugin-server-path /Applications/Xcode.app/Contents/Developer/Toolchains/XcodeDefault.xctoolchain/usr/lib/swift/host/libSwiftInProcPluginServer.dylib -plugin-path /Applications/Xcode.app/Contents/Developer/Toolchains/XcodeDefault.xctoolchain/usr/lib/swift/host/plugins -plugin-path /Applications/Xcode.app/Contents/Developer/Toolchains/XcodeDefault.xctoolchain/usr/local/lib/swift/host/plugins -o /Users/zhanhd/Library/Developer/Xcode/DerivedData/LitReader-dxwdiqehxcvwlqdnoonjufjbaxme/Build/Intermediates.noindex/LitReader.build/Debug-iphonesimulator/LitReader.build/Objects-normal/arm64/SearchService.o -o /Users/zhanhd/Library/Developer/Xcode/DerivedData/LitReader-dxwdiqehxcvwlqdnoonjufjbaxme/Build/Intermediates.noindex/LitReader.build/Debug-iphonesimulator/LitReader.build/Objects-normal/arm64/LitReaderApp.o -o /Users/zhanhd/Library/Developer/Xcode/DerivedData/LitReader-dxwdiqehxcvwlqdnoonjufjbaxme/Build/Intermediates.noindex/LitReader.build/Debug-iphonesimulator/LitReader.build/Objects-normal/arm64/Book.o -o /Users/zhanhd/Library/Developer/Xcode/DerivedData/LitReader-dxwdiqehxcvwlqdnoonjufjbaxme/Build/Intermediates.noindex/LitReader.build/Debug-iphonesimulator/LitReader.build/Objects-normal/arm64/FileImporter.o -index-unit-output-path /LitReader.build/Debug-iphonesimulator/LitReader.build/Objects-normal/arm64/SearchService.o -index-unit-output-path /LitReader.build/Debug-iphonesimulator/LitReader.build/Objects-normal/arm64/LitReaderApp.o -index-unit-output-path /LitReader.build/Debug-iphonesimulator/LitReader.build/Objects-normal/arm64/Book.o -index-unit-output-path /LitReader.build/Debug-iphonesimulator/LitReader.build/Objects-normal/arm64/FileImporter.o -index-store-path /Users/zhanhd/Library/Developer/Xcode/DerivedData/LitReader-dxwdiqehxcvwlqdnoonjufjbaxme/Index.noindex/DataStore -index-system-modules

SwiftCompile normal arm64 /Users/zhanhd/Documents/products/github/LitReader/LitReader/Services/SearchService.swift (in target 'LitReader' from project 'LitReader')
    cd /Users/zhanhd/Documents/products/github/LitReader
    
/Users/zhanhd/Documents/products/github/LitReader/LitReader/Services/SearchService.swift:62:9: warning: immutable property will not be decoded because it is declared with an initial value which cannot be overwritten
    let id = UUID()
        ^
/Users/zhanhd/Documents/products/github/LitReader/LitReader/Services/SearchService.swift:62:9: note: set the initial value via the initializer or explicitly define a CodingKeys enum including a 'id' case to silence this warning
    let id = UUID()
        ^
/Users/zhanhd/Documents/products/github/LitReader/LitReader/Services/SearchService.swift:62:9: note: make the property mutable instead
    let id = UUID()
    ~~~ ^
    var
/Users/zhanhd/Documents/products/github/LitReader/LitReader/Services/SearchService.swift:145:13: warning: initialization of immutable value 'searchContent' was never used; consider replacing with assignment to '_' or removing it
        let searchContent = query.caseSensitive ? content : content.lowercased()
        ~~~~^~~~~~~~~~~~~
        _
/Users/zhanhd/Documents/products/github/LitReader/LitReader/Services/SearchService.swift:150:14: warning: immutable value 'lineIndex' was never used; consider replacing with '_' or removing it
        for (lineIndex, line) in lines.enumerated() {
             ^~~~~~~~~
             _

SwiftCompile normal arm64 /Users/zhanhd/Documents/products/github/LitReader/LitReader/LitReaderApp.swift (in target 'LitReader' from project 'LitReader')
    cd /Users/zhanhd/Documents/products/github/LitReader
    
/Users/zhanhd/Documents/products/github/LitReader/LitReader/LitReaderApp.swift:26:13: warning: no 'async' operations occur within 'await' expression
            await dataManager.loadLibrary()
            ^

SwiftCompile normal arm64 /Users/zhanhd/Documents/products/github/LitReader/LitReader/Models/Book.swift (in target 'LitReader' from project 'LitReader')
    cd /Users/zhanhd/Documents/products/github/LitReader
    
/Users/zhanhd/Documents/products/github/LitReader/LitReader/Models/Book.swift:184:46: warning: main actor-isolated static property 'lightTheme' can not be referenced from a nonisolated context; this is an error in the Swift 6 language mode
        defaultReadingSettings: ThemeManager.lightTheme,
                                             ^
/Users/zhanhd/Documents/products/github/LitReader/LitReader/Services/ThemeManager.swift:138:16: note: static property declared here
    static let lightTheme = ReadingTheme(
               ^

SwiftCompile normal arm64 /Users/zhanhd/Documents/products/github/LitReader/LitReader/Services/FileImporter.swift (in target 'LitReader' from project 'LitReader')
    cd /Users/zhanhd/Documents/products/github/LitReader
    
/Users/zhanhd/Documents/products/github/LitReader/LitReader/Services/FileImporter.swift:73:42: error: 'documentsURL' is inaccessible due to 'private' protection level
        let destinationURL = dataManager.documentsURL
                                         ^~~~~~~~~~~~
/Users/zhanhd/Documents/products/github/LitReader/LitReader/Services/DataManager.swift:16:17: note: 'documentsURL' declared here
    private let documentsURL: URL
                ^

SwiftCompile normal arm64 Compiling\ DataManager.swift,\ BookmarksView.swift,\ GeneratedAssetSymbols.swift /Users/zhanhd/Documents/products/github/LitReader/LitReader/Services/DataManager.swift /Users/zhanhd/Documents/products/github/LitReader/LitReader/Views/BookmarksView.swift /Users/zhanhd/Library/Developer/Xcode/DerivedData/LitReader-dxwdiqehxcvwlqdnoonjufjbaxme/Build/Intermediates.noindex/LitReader.build/Debug-iphonesimulator/LitReader.build/DerivedSources/GeneratedAssetSymbols.swift (in target 'LitReader' from project 'LitReader')

SwiftCompile normal arm64 /Users/zhanhd/Documents/products/github/LitReader/LitReader/Services/DataManager.swift (in target 'LitReader' from project 'LitReader')
    cd /Users/zhanhd/Documents/products/github/LitReader
    

SwiftCompile normal arm64 /Users/zhanhd/Documents/products/github/LitReader/LitReader/Views/BookmarksView.swift (in target 'LitReader' from project 'LitReader')
    cd /Users/zhanhd/Documents/products/github/LitReader
    

SwiftCompile normal arm64 /Users/zhanhd/Library/Developer/Xcode/DerivedData/LitReader-dxwdiqehxcvwlqdnoonjufjbaxme/Build/Intermediates.noindex/LitReader.build/Debug-iphonesimulator/LitReader.build/DerivedSources/GeneratedAssetSymbols.swift (in target 'LitReader' from project 'LitReader')
    cd /Users/zhanhd/Documents/products/github/LitReader
    

SwiftEmitModule normal arm64 Emitting\ module\ for\ LitReader (in target 'LitReader' from project 'LitReader')
EmitSwiftModule normal arm64 (in target 'LitReader' from project 'LitReader')
    cd /Users/zhanhd/Documents/products/github/LitReader
    

SwiftCompile normal arm64 Compiling\ AdvancedReaderView.swift,\ TOCGenerator.swift,\ HelpView.swift /Users/zhanhd/Documents/products/github/LitReader/LitReader/Views/AdvancedReaderView.swift /Users/zhanhd/Documents/products/github/LitReader/LitReader/Services/TOCGenerator.swift /Users/zhanhd/Documents/products/github/LitReader/LitReader/Views/HelpView.swift (in target 'LitReader' from project 'LitReader')

SwiftCompile normal arm64 /Users/zhanhd/Documents/products/github/LitReader/LitReader/Views/AdvancedReaderView.swift (in target 'LitReader' from project 'LitReader')
    cd /Users/zhanhd/Documents/products/github/LitReader
    

SwiftCompile normal arm64 /Users/zhanhd/Documents/products/github/LitReader/LitReader/Services/TOCGenerator.swift (in target 'LitReader' from project 'LitReader')
    cd /Users/zhanhd/Documents/products/github/LitReader
    

SwiftCompile normal arm64 /Users/zhanhd/Documents/products/github/LitReader/LitReader/Views/HelpView.swift (in target 'LitReader' from project 'LitReader')
    cd /Users/zhanhd/Documents/products/github/LitReader
    

SwiftCompile normal arm64 Compiling\ BookDetailsView.swift,\ StatisticsView.swift,\ NavigationSystem.swift /Users/zhanhd/Documents/products/github/LitReader/LitReader/Views/BookDetailsView.swift /Users/zhanhd/Documents/products/github/LitReader/LitReader/Views/StatisticsView.swift /Users/zhanhd/Documents/products/github/LitReader/LitReader/Services/NavigationSystem.swift (in target 'LitReader' from project 'LitReader')
SwiftCompile normal arm64 /Users/zhanhd/Documents/products/github/LitReader/LitReader/Views/BookDetailsView.swift (in target 'LitReader' from project 'LitReader')
    cd /Users/zhanhd/Documents/products/github/LitReader
    

SwiftCompile normal arm64 /Users/zhanhd/Documents/products/github/LitReader/LitReader/Views/StatisticsView.swift (in target 'LitReader' from project 'LitReader')
    cd /Users/zhanhd/Documents/products/github/LitReader
    

SwiftCompile normal arm64 /Users/zhanhd/Documents/products/github/LitReader/LitReader/Services/NavigationSystem.swift (in target 'LitReader' from project 'LitReader')
    cd /Users/zhanhd/Documents/products/github/LitReader
    

SwiftCompile normal arm64 Compiling\ ThemeSelectionView.swift,\ PerformanceOptimizer.swift,\ ProfileView.swift /Users/zhanhd/Documents/products/github/LitReader/LitReader/Views/ThemeSelectionView.swift /Users/zhanhd/Documents/products/github/LitReader/LitReader/Services/PerformanceOptimizer.swift /Users/zhanhd/Documents/products/github/LitReader/LitReader/Views/ProfileView.swift (in target 'LitReader' from project 'LitReader')
Command SwiftCompile failed with a nonzero exit code

** BUILD FAILED **


The following build commands failed:
	SwiftCompile normal arm64 Compiling\ SearchService.swift,\ LitReaderApp.swift,\ Book.swift,\ FileImporter.swift /Users/zhanhd/Documents/products/github/LitReader/LitReader/Services/SearchService.swift /Users/zhanhd/Documents/products/github/LitReader/LitReader/LitReaderApp.swift /Users/zhanhd/Documents/products/github/LitReader/LitReader/Models/Book.swift /Users/zhanhd/Documents/products/github/LitReader/LitReader/Services/FileImporter.swift (in target 'LitReader' from project 'LitReader')
	SwiftCompile normal arm64 /Users/zhanhd/Documents/products/github/LitReader/LitReader/Services/FileImporter.swift (in target 'LitReader' from project 'LitReader')
	SwiftCompile normal arm64 Compiling\ ThemeSelectionView.swift,\ PerformanceOptimizer.swift,\ ProfileView.swift /Users/zhanhd/Documents/products/github/LitReader/LitReader/Views/ThemeSelectionView.swift /Users/zhanhd/Documents/products/github/LitReader/LitReader/Services/PerformanceOptimizer.swift /Users/zhanhd/Documents/products/github/LitReader/LitReader/Views/ProfileView.swift (in target 'LitReader' from project 'LitReader')
	Building project LitReader with scheme LitReader
(4 failures)
